<?xml version="1.0" encoding="utf-8"?>
<TestRun id="0ff7a5cb-8e86-40a9-8bd9-e5dc9f019fb4" name="yoruk@HAKKI 2026-07-16 02:49:16" runUser="HAKKI\yoruk" xmlns="http://microsoft.com/schemas/VisualStudio/TeamTest/2010">
  <Times creation="2026-07-16T02:49:16.7085091+03:00" queuing="2026-07-16T02:49:16.7085097+03:00" start="2026-07-16T02:49:15.0952463+03:00" finish="2026-07-16T02:49:16.7164145+03:00" />
  <TestSettings name="default" id="bdcb6156-7b14-41be-881f-e7e613a148ae">
    <Deployment runDeploymentRoot="yoruk_HAKKI_2026-07-16_02_49_16" />
  </TestSettings>
  <Results>
    <UnitTestResult executionId="1b30c663-ea1e-4cdf-8ac1-2f90190cdccf" testId="40ba7101-a0cd-7ba3-48bc-8bc02729271f" testName="TrainService.Core.Tests.UnitTest1.Test1" computerName="HAKKI" duration="00:00:00.0021353" startTime="2026-07-16T02:49:15.8354804+03:00" endTime="2026-07-16T02:49:15.8354806+03:00" testType="13cdc9d9-ddb5-4fa4-a97d-d965ccfc6d4b" outcome="Passed" testListId="8c84fa94-04c1-424b-9868-57a2d4851a1d" relativeResultsDirectory="1b30c663-ea1e-4cdf-8ac1-2f90190cdccf" />
    <UnitTestResult executionId="c8f535b6-0f51-4d87-bc7a-cb8360fdf68e" testId="b55b4df7-f407-ae91-134c-98011aaa5f5d" testName="TrainService.Core.Tests.T2xx_EntityTests.T201_Core_Entities_Iskelte_Testi" computerName="HAKKI" duration="00:00:00.0029385" startTime="2026-07-16T02:49:15.8314740+03:00" endTime="2026-07-16T02:49:15.8315173+03:00" testType="13cdc9d9-ddb5-4fa4-a97d-d965ccfc6d4b" outcome="Passed" testListId="8c84fa94-04c1-424b-9868-57a2d4851a1d" relativeResultsDirectory="c8f535b6-0f51-4d87-bc7a-cb8360fdf68e" />
    <UnitTestResult executionId="f4c8eaf5-030e-4c0a-81db-b029a8895b56" testId="d15dffb0-f32a-b521-4dda-433f40207a65" testName="TrainService.Core.Tests.DatabaseTests.Add_And_Read_NetworkSwitch_ShouldSucceed" computerName="HAKKI" duration="00:00:00.0677927" startTime="2026-07-16T02:49:16.5421005+03:00" endTime="2026-07-16T02:49:16.5421019+03:00" testType="13cdc9d9-ddb5-4fa4-a97d-d965ccfc6d4b" outcome="Passed" testListId="8c84fa94-04c1-424b-9868-57a2d4851a1d" relativeResultsDirectory="f4c8eaf5-030e-4c0a-81db-b029a8895b56" />
    <UnitTestResult executionId="7f243bca-c51f-4fbf-a953-d28853669f15" testId="55de805b-5152-ac95-20b5-964f3ecb50a4" testName="TrainService.Core.Tests.T1xx_VectorTests.T101_Vector2D_Matematigi" computerName="HAKKI" duration="00:00:00.0029212" startTime="2026-07-16T02:49:15.8359535+03:00" endTime="2026-07-16T02:49:15.8359537+03:00" testType="13cdc9d9-ddb5-4fa4-a97d-d965ccfc6d4b" outcome="Passed" testListId="8c84fa94-04c1-424b-9868-57a2d4851a1d" relativeResultsDirectory="7f243bca-c51f-4fbf-a953-d28853669f15" />
    <UnitTestResult executionId="68a5c018-d30a-4d69-97c5-dfa68db452f6" testId="00465698-795b-c516-6b23-a994eafaf10e" testName="TrainService.Core.Tests.DispatchServiceTests.SendCommandAndWaitAckAsync_ShouldSucceed_WhenAckReceived" computerName="HAKKI" duration="00:00:00.0779974" startTime="2026-07-16T02:49:16.0962200+03:00" endTime="2026-07-16T02:49:16.0962204+03:00" testType="13cdc9d9-ddb5-4fa4-a97d-d965ccfc6d4b" outcome="Passed" testListId="8c84fa94-04c1-424b-9868-57a2d4851a1d" relativeResultsDirectory="68a5c018-d30a-4d69-97c5-dfa68db452f6" />
    <UnitTestResult executionId="5a01f409-d631-4004-b5f3-c84a24ba14d9" testId="4b34e1fc-1387-01ad-27cd-e7e91346d272" testName="TrainService.Core.Tests.DispatchServiceTests.SendCommandAndWaitAckAsync_ShouldReturnFalse_WhenNoAckReceived" computerName="HAKKI" duration="00:00:00.1872867" startTime="2026-07-16T02:49:16.0159068+03:00" endTime="2026-07-16T02:49:16.0159075+03:00" testType="13cdc9d9-ddb5-4fa4-a97d-d965ccfc6d4b" outcome="Passed" testListId="8c84fa94-04c1-424b-9868-57a2d4851a1d" relativeResultsDirectory="5a01f409-d631-4004-b5f3-c84a24ba14d9" />
    <UnitTestResult executionId="9535f9a2-f1b9-49dd-98ed-565ffd269ad4" testId="886457a1-90db-b283-8443-ef20307cf17c" testName="TrainService.Core.Tests.DatabaseTests.Add_And_Delete_Device_ShouldSucceed" computerName="HAKKI" duration="00:00:00.6493293" startTime="2026-07-16T02:49:16.4741623+03:00" endTime="2026-07-16T02:49:16.4741627+03:00" testType="13cdc9d9-ddb5-4fa4-a97d-d965ccfc6d4b" outcome="Passed" testListId="8c84fa94-04c1-424b-9868-57a2d4851a1d" relativeResultsDirectory="9535f9a2-f1b9-49dd-98ed-565ffd269ad4" />
  </Results>
  <TestDefinitions>
    <UnitTest name="TrainService.Core.Tests.T2xx_EntityTests.T201_Core_Entities_Iskelte_Testi" storage="c:\users\yoruk\.gemini\antigravity\scratch\trainservice\tests\trainservice.core.tests\bin\debug\net8.0\trainservice.core.tests.dll" id="b55b4df7-f407-ae91-134c-98011aaa5f5d">
      <Execution id="c8f535b6-0f51-4d87-bc7a-cb8360fdf68e" />
      <TestMethod codeBase="C:\Users\yoruk\.gemini\antigravity\scratch\TrainService\tests\TrainService.Core.Tests\bin\Debug\net8.0\TrainService.Core.Tests.dll" adapterTypeName="executor://xunit/VsTestRunner2/netcoreapp" className="TrainService.Core.Tests.T2xx_EntityTests" name="T201_Core_Entities_Iskelte_Testi" />
    </UnitTest>
    <UnitTest name="TrainService.Core.Tests.DispatchServiceTests.SendCommandAndWaitAckAsync_ShouldSucceed_WhenAckReceived" storage="c:\users\yoruk\.gemini\antigravity\scratch\trainservice\tests\trainservice.core.tests\bin\debug\net8.0\trainservice.core.tests.dll" id="00465698-795b-c516-6b23-a994eafaf10e">
      <Execution id="68a5c018-d30a-4d69-97c5-dfa68db452f6" />
      <TestMethod codeBase="C:\Users\yoruk\.gemini\antigravity\scratch\TrainService\tests\TrainService.Core.Tests\bin\Debug\net8.0\TrainService.Core.Tests.dll" adapterTypeName="executor://xunit/VsTestRunner2/netcoreapp" className="TrainService.Core.Tests.DispatchServiceTests" name="SendCommandAndWaitAckAsync_ShouldSucceed_WhenAckReceived" />
    </UnitTest>
    <UnitTest name="TrainService.Core.Tests.UnitTest1.Test1" storage="c:\users\yoruk\.gemini\antigravity\scratch\trainservice\tests\trainservice.core.tests\bin\debug\net8.0\trainservice.core.tests.dll" id="40ba7101-a0cd-7ba3-48bc-8bc02729271f">
      <Execution id="1b30c663-ea1e-4cdf-8ac1-2f90190cdccf" />
      <TestMethod codeBase="C:\Users\yoruk\.gemini\antigravity\scratch\TrainService\tests\TrainService.Core.Tests\bin\Debug\net8.0\TrainService.Core.Tests.dll" adapterTypeName="executor://xunit/VsTestRunner2/netcoreapp" className="TrainService.Core.Tests.UnitTest1" name="Test1" />
    </UnitTest>
    <UnitTest name="TrainService.Core.Tests.DatabaseTests.Add_And_Delete_Device_ShouldSucceed" storage="c:\users\yoruk\.gemini\antigravity\scratch\trainservice\tests\trainservice.core.tests\bin\debug\net8.0\trainservice.core.tests.dll" id="886457a1-90db-b283-8443-ef20307cf17c">
      <Execution id="9535f9a2-f1b9-49dd-98ed-565ffd269ad4" />
      <TestMethod codeBase="C:\Users\yoruk\.gemini\antigravity\scratch\TrainService\tests\TrainService.Core.Tests\bin\Debug\net8.0\TrainService.Core.Tests.dll" adapterTypeName="executor://xunit/VsTestRunner2/netcoreapp" className="TrainService.Core.Tests.DatabaseTests" name="Add_And_Delete_Device_ShouldSucceed" />
    </UnitTest>
    <UnitTest name="TrainService.Core.Tests.T1xx_VectorTests.T101_Vector2D_Matematigi" storage="c:\users\yoruk\.gemini\antigravity\scratch\trainservice\tests\trainservice.core.tests\bin\debug\net8.0\trainservice.core.tests.dll" id="55de805b-5152-ac95-20b5-964f3ecb50a4">
      <Execution id="7f243bca-c51f-4fbf-a953-d28853669f15" />
      <TestMethod codeBase="C:\Users\yoruk\.gemini\antigravity\scratch\TrainService\tests\TrainService.Core.Tests\bin\Debug\net8.0\TrainService.Core.Tests.dll" adapterTypeName="executor://xunit/VsTestRunner2/netcoreapp" className="TrainService.Core.Tests.T1xx_VectorTests" name="T101_Vector2D_Matematigi" />
    </UnitTest>
    <UnitTest name="TrainService.Core.Tests.DispatchServiceTests.SendCommandAndWaitAckAsync_ShouldReturnFalse_WhenNoAckReceived" storage="c:\users\yoruk\.gemini\antigravity\scratch\trainservice\tests\trainservice.core.tests\bin\debug\net8.0\trainservice.core.tests.dll" id="4b34e1fc-1387-01ad-27cd-e7e91346d272">
      <Execution id="5a01f409-d631-4004-b5f3-c84a24ba14d9" />
      <TestMethod codeBase="C:\Users\yoruk\.gemini\antigravity\scratch\TrainService\tests\TrainService.Core.Tests\bin\Debug\net8.0\TrainService.Core.Tests.dll" adapterTypeName="executor://xunit/VsTestRunner2/netcoreapp" className="TrainService.Core.Tests.DispatchServiceTests" name="SendCommandAndWaitAckAsync_ShouldReturnFalse_WhenNoAckReceived" />
    </UnitTest>
    <UnitTest name="TrainService.Core.Tests.DatabaseTests.Add_And_Read_NetworkSwitch_ShouldSucceed" storage="c:\users\yoruk\.gemini\antigravity\scratch\trainservice\tests\trainservice.core.tests\bin\debug\net8.0\trainservice.core.tests.dll" id="d15dffb0-f32a-b521-4dda-433f40207a65">
      <Execution id="f4c8eaf5-030e-4c0a-81db-b029a8895b56" />
      <TestMethod codeBase="C:\Users\yoruk\.gemini\antigravity\scratch\TrainService\tests\TrainService.Core.Tests\bin\Debug\net8.0\TrainService.Core.Tests.dll" adapterTypeName="executor://xunit/VsTestRunner2/netcoreapp" className="TrainService.Core.Tests.DatabaseTests" name="Add_And_Read_NetworkSwitch_ShouldSucceed" />
    </UnitTest>
  </TestDefinitions>
  <TestEntries>
    <TestEntry testId="40ba7101-a0cd-7ba3-48bc-8bc02729271f" executionId="1b30c663-ea1e-4cdf-8ac1-2f90190cdccf" testListId="8c84fa94-04c1-424b-9868-57a2d4851a1d" />
    <TestEntry testId="b55b4df7-f407-ae91-134c-98011aaa5f5d" executionId="c8f535b6-0f51-4d87-bc7a-cb8360fdf68e" testListId="8c84fa94-04c1-424b-9868-57a2d4851a1d" />
    <TestEntry testId="d15dffb0-f32a-b521-4dda-433f40207a65" executionId="f4c8eaf5-030e-4c0a-81db-b029a8895b56" testListId="8c84fa94-04c1-424b-9868-57a2d4851a1d" />
    <TestEntry testId="55de805b-5152-ac95-20b5-964f3ecb50a4" executionId="7f243bca-c51f-4fbf-a953-d28853669f15" testListId="8c84fa94-04c1-424b-9868-57a2d4851a1d" />
    <TestEntry testId="00465698-795b-c516-6b23-a994eafaf10e" executionId="68a5c018-d30a-4d69-97c5-dfa68db452f6" testListId="8c84fa94-04c1-424b-9868-57a2d4851a1d" />
    <TestEntry testId="4b34e1fc-1387-01ad-27cd-e7e91346d272" executionId="5a01f409-d631-4004-b5f3-c84a24ba14d9" testListId="8c84fa94-04c1-424b-9868-57a2d4851a1d" />
    <TestEntry testId="886457a1-90db-b283-8443-ef20307cf17c" executionId="9535f9a2-f1b9-49dd-98ed-565ffd269ad4" testListId="8c84fa94-04c1-424b-9868-57a2d4851a1d" />
  </TestEntries>
  <TestLists>
    <TestList name="Bir Listede Olmayan Sonuçlar" id="8c84fa94-04c1-424b-9868-57a2d4851a1d" />
    <TestList name="Yüklenen Tüm Sonuçlar" id="19431567-8539-422a-85d7-44ee4e166bda" />
  </TestLists>
  <ResultSummary outcome="Completed">
    <Counters total="7" executed="7" passed="7" failed="0" error="0" timeout="0" aborted="0" inconclusive="0" passedButRunAborted="0" notRunnable="0" notExecuted="0" disconnected="0" warning="0" completed="0" inProgress="0" pending="0" />
    <Output>
      <StdOut>[xUnit.net 00:00:00.00] xUnit.net VSTest Adapter v2.5.3.1+6b60a9e56a (64-bit .NET 8.0.28)&#xD;
[xUnit.net 00:00:00.09]   Discovering: TrainService.Core.Tests&#xD;
[xUnit.net 00:00:00.13]   Discovered:  TrainService.Core.Tests&#xD;
[xUnit.net 00:00:00.14]   Starting:    TrainService.Core.Tests&#xD;
[xUnit.net 00:00:00.91]   Finished:    TrainService.Core.Tests&#xD;
</StdOut>
    </Output>
  </ResultSummary>
</TestRun>