<?xml version="1.0" encoding="utf-8"?>
<TestRun id="d9a79ec6-ac1f-4415-955d-93ece4fd6f3a" name="yoruk@HAKKI 2026-07-16 02:38:49" runUser="HAKKI\yoruk" xmlns="http://microsoft.com/schemas/VisualStudio/TeamTest/2010">
  <Times creation="2026-07-16T02:38:49.4488217+03:00" queuing="2026-07-16T02:38:49.4488223+03:00" start="2026-07-16T02:38:48.2061199+03:00" finish="2026-07-16T02:38:49.4619466+03:00" />
  <TestSettings name="default" id="71290118-c1fd-4f5c-8ae3-b7d9e32f4d92">
    <Deployment runDeploymentRoot="yoruk_HAKKI_2026-07-16_02_38_49" />
  </TestSettings>
  <Results>
    <UnitTestResult executionId="e5a3f3ab-c2b5-4170-9f7f-bfe4113599d8" testId="c3084bd9-842c-a7b0-c67c-dc914b586d4b" testName="TrainService.Simulation.Tests.UnitTest1.Test1" computerName="HAKKI" duration="00:00:00.0027726" startTime="2026-07-16T02:38:49.2476580+03:00" endTime="2026-07-16T02:38:49.2476935+03:00" testType="13cdc9d9-ddb5-4fa4-a97d-d965ccfc6d4b" outcome="Passed" testListId="8c84fa94-04c1-424b-9868-57a2d4851a1d" relativeResultsDirectory="e5a3f3ab-c2b5-4170-9f7f-bfe4113599d8" />
  </Results>
  <TestDefinitions>
    <UnitTest name="TrainService.Simulation.Tests.UnitTest1.Test1" storage="c:\users\yoruk\.gemini\antigravity\scratch\trainservice\tests\trainservice.simulation.tests\bin\debug\net8.0\trainservice.simulation.tests.dll" id="c3084bd9-842c-a7b0-c67c-dc914b586d4b">
      <Execution id="e5a3f3ab-c2b5-4170-9f7f-bfe4113599d8" />
      <TestMethod codeBase="C:\Users\yoruk\.gemini\antigravity\scratch\TrainService\tests\TrainService.Simulation.Tests\bin\Debug\net8.0\TrainService.Simulation.Tests.dll" adapterTypeName="executor://xunit/VsTestRunner2/netcoreapp" className="TrainService.Simulation.Tests.UnitTest1" name="Test1" />
    </UnitTest>
  </TestDefinitions>
  <TestEntries>
    <TestEntry testId="c3084bd9-842c-a7b0-c67c-dc914b586d4b" executionId="e5a3f3ab-c2b5-4170-9f7f-bfe4113599d8" testListId="8c84fa94-04c1-424b-9868-57a2d4851a1d" />
  </TestEntries>
  <TestLists>
    <TestList name="Bir Listede Olmayan Sonuçlar" id="8c84fa94-04c1-424b-9868-57a2d4851a1d" />
    <TestList name="Yüklenen Tüm Sonuçlar" id="19431567-8539-422a-85d7-44ee4e166bda" />
  </TestLists>
  <ResultSummary outcome="Completed">
    <Counters total="1" executed="1" passed="1" failed="0" error="0" timeout="0" aborted="0" inconclusive="0" passedButRunAborted="0" notRunnable="0" notExecuted="0" disconnected="0" warning="0" completed="0" inProgress="0" pending="0" />
    <Output>
      <StdOut>[xUnit.net 00:00:00.00] xUnit.net VSTest Adapter v2.5.3.1+6b60a9e56a (64-bit .NET 8.0.28)&#xD;
[xUnit.net 00:00:00.14]   Discovering: TrainService.Simulation.Tests&#xD;
[xUnit.net 00:00:00.20]   Discovered:  TrainService.Simulation.Tests&#xD;
[xUnit.net 00:00:00.20]   Starting:    TrainService.Simulation.Tests&#xD;
[xUnit.net 00:00:00.36]   Finished:    TrainService.Simulation.Tests&#xD;
</StdOut>
    </Output>
  </ResultSummary>
</TestRun>